14:59:14.322 [main] INFO  AT.Base.BaseClass - clicked on checlout button
14:59:14.502 [main] INFO  AT.Base.BaseClass - is billing , order and payment is displaying on checkout page : true
14:59:15.991 [main] INFO  AT.Base.BaseClass - enterd first name :apex
14:59:17.128 [main] INFO  AT.Base.BaseClass - enterd last name :joseph
14:59:18.274 [main] INFO  AT.Base.BaseClass - enterd email
14:59:19.431 [main] INFO  AT.Base.BaseClass - enterd phone number
14:59:22.101 [main] DEBUG AT.Base.BaseClass - ************* chrome Browser closed successfully*************
14:59:35.730 [main] DEBUG AT.Base.BaseClass - chrome Browser has started Successfully
14:59:48.446 [main] DEBUG AT.Base.BaseClass - ************* chrome Browser has launched successfully *************
14:59:48.448 [main] INFO  AT.Base.BaseClass - Webpage has Opened and maximise
14:59:54.968 [main] INFO  AT.Base.BaseClass - clicked on shop menu
14:59:55.014 [main] INFO  AT.Base.BaseClass - clicked on HTML5 add to cart button
14:59:56.019 [main] INFO  AT.Base.BaseClass - is item menu link is displaying :true
14:59:58.650 [main] INFO  AT.Base.BaseClass - clicked on Item menu
14:59:58.743 [main] INFO  AT.Base.BaseClass - did product and price displayed on page :true
14:59:58.834 [main] INFO  AT.Base.BaseClass - is subtotal and total price displaying :true
15:00:04.068 [main] INFO  AT.Base.BaseClass - clicked on checlout button
15:00:04.194 [main] INFO  AT.Base.BaseClass - is billing , order and payment is displaying on checkout page : true
15:00:05.413 [main] INFO  AT.Base.BaseClass - enterd first name :apesx
15:00:06.513 [main] INFO  AT.Base.BaseClass - enterd last name :joseh
15:00:07.712 [main] INFO  AT.Base.BaseClass - enterd email
15:00:08.977 [main] INFO  AT.Base.BaseClass - enterd phone number
15:00:09.112 [main] DEBUG AT.Base.BaseClass - ************* chrome Browser closed successfully*************
15:05:28.369 [main] DEBUG AT.Base.BaseClass - chrome Browser has started Successfully
15:05:44.434 [main] DEBUG AT.Base.BaseClass - ************* chrome Browser has launched successfully *************
15:05:44.435 [main] INFO  AT.Base.BaseClass - Webpage has Opened and maximise
15:06:10.646 [main] INFO  AT.Base.BaseClass - clicked on shop menu
15:06:10.712 [main] INFO  AT.Base.BaseClass - clicked on HTML5 add to cart button
15:06:11.995 [main] INFO  AT.Base.BaseClass - is item menu link is displaying :true
15:06:15.700 [main] INFO  AT.Base.BaseClass - clicked on Item menu
15:06:15.770 [main] INFO  AT.Base.BaseClass - did product and price displayed on page :true
15:06:15.838 [main] INFO  AT.Base.BaseClass - is subtotal and total price displaying :true
15:06:20.318 [main] INFO  AT.Base.BaseClass - clicked on checlout button
15:06:20.424 [main] INFO  AT.Base.BaseClass - is billing , order and payment is displaying on checkout page : true
15:06:21.744 [main] INFO  AT.Base.BaseClass - enterd first name :apex
15:06:22.988 [main] INFO  AT.Base.BaseClass - enterd last name :joseph
15:06:24.493 [main] INFO  AT.Base.BaseClass - enterd email
15:06:25.662 [main] INFO  AT.Base.BaseClass - enterd phone number
15:06:26.877 [main] INFO  AT.Base.BaseClass - selected country
15:06:28.011 [main] INFO  AT.Base.BaseClass - enterd address
15:06:29.177 [main] INFO  AT.Base.BaseClass - enterd city
15:06:30.460 [main] INFO  AT.Base.BaseClass - enterd state
15:06:31.618 [main] INFO  AT.Base.BaseClass - enterd postal code
15:06:33.810 [main] DEBUG AT.Base.BaseClass - ************* chrome Browser closed successfully*************
15:06:49.384 [main] DEBUG AT.Base.BaseClass - chrome Browser has started Successfully
15:07:26.191 [main] DEBUG AT.Base.BaseClass - ************* chrome Browser has launched successfully *************
15:07:26.191 [main] INFO  AT.Base.BaseClass - Webpage has Opened and maximise
15:07:51.154 [main] INFO  AT.Base.BaseClass - clicked on shop menu
15:07:51.206 [main] INFO  AT.Base.BaseClass - clicked on HTML5 add to cart button
15:07:53.146 [main] INFO  AT.Base.BaseClass - is item menu link is displaying :true
15:07:57.922 [main] INFO  AT.Base.BaseClass - clicked on Item menu
15:07:57.993 [main] INFO  AT.Base.BaseClass - did product and price displayed on page :true
15:07:58.051 [main] INFO  AT.Base.BaseClass - is subtotal and total price displaying :true
15:08:03.238 [main] INFO  AT.Base.BaseClass - clicked on checlout button
15:08:03.329 [main] INFO  AT.Base.BaseClass - is billing , order and payment is displaying on checkout page : true
15:08:04.487 [main] INFO  AT.Base.BaseClass - enterd first name :apesx
15:08:05.619 [main] INFO  AT.Base.BaseClass - enterd last name :joseh
15:08:06.797 [main] INFO  AT.Base.BaseClass - enterd email
15:08:08.003 [main] INFO  AT.Base.BaseClass - enterd phone number
15:08:09.092 [main] INFO  AT.Base.BaseClass - selected country
15:08:10.254 [main] INFO  AT.Base.BaseClass - enterd address
15:08:11.436 [main] INFO  AT.Base.BaseClass - enterd city
15:08:12.538 [main] INFO  AT.Base.BaseClass - enterd state
15:08:13.689 [main] INFO  AT.Base.BaseClass - enterd postal code
15:08:14.980 [main] DEBUG AT.Base.BaseClass - ************* chrome Browser closed successfully*************
15:13:02.088 [main] DEBUG AT.Base.BaseClass - chrome Browser has started Successfully
15:16:03.566 [main] DEBUG AT.Base.BaseClass - chrome Browser has started Successfully
15:17:04.446 [main] DEBUG AT.Base.BaseClass - ************* chrome Browser has launched successfully *************
15:17:04.446 [main] INFO  AT.Base.BaseClass - Webpage has Opened and maximise
15:17:13.846 [main] INFO  AT.Base.BaseClass - clicked on shop menu
15:17:13.894 [main] INFO  AT.Base.BaseClass - clicked on HTML5 add to cart button
15:17:15.327 [main] INFO  AT.Base.BaseClass - is item menu link is displaying :true
15:17:20.523 [main] INFO  AT.Base.BaseClass - clicked on Item menu
15:17:20.610 [main] INFO  AT.Base.BaseClass - did product and price displayed on page :true
15:17:20.715 [main] INFO  AT.Base.BaseClass - is subtotal and total price displaying :true
15:17:25.160 [main] INFO  AT.Base.BaseClass - clicked on checlout button
15:17:25.251 [main] INFO  AT.Base.BaseClass - is billing , order and payment is displaying on checkout page : true
15:17:26.531 [main] INFO  AT.Base.BaseClass - enterd first name :apex
15:17:27.648 [main] INFO  AT.Base.BaseClass - enterd last name :joseph
15:17:28.856 [main] INFO  AT.Base.BaseClass - enterd email
15:17:30.084 [main] INFO  AT.Base.BaseClass - enterd phone number
15:17:31.305 [main] INFO  AT.Base.BaseClass - selected country
15:17:32.467 [main] INFO  AT.Base.BaseClass - enterd address
15:17:33.627 [main] INFO  AT.Base.BaseClass - enterd city
15:17:34.868 [main] INFO  AT.Base.BaseClass - enterd state
15:17:35.998 [main] INFO  AT.Base.BaseClass - enterd postal code
15:17:38.131 [main] DEBUG AT.Base.BaseClass - ************* chrome Browser closed successfully*************
15:17:46.010 [main] DEBUG AT.Base.BaseClass - chrome Browser has started Successfully
15:18:16.135 [main] DEBUG AT.Base.BaseClass - ************* chrome Browser has launched successfully *************
15:18:16.135 [main] INFO  AT.Base.BaseClass - Webpage has Opened and maximise
15:18:24.495 [main] INFO  AT.Base.BaseClass - clicked on shop menu
15:18:24.542 [main] INFO  AT.Base.BaseClass - clicked on HTML5 add to cart button
15:18:25.936 [main] INFO  AT.Base.BaseClass - is item menu link is displaying :true
15:18:30.059 [main] INFO  AT.Base.BaseClass - clicked on Item menu
15:18:30.131 [main] INFO  AT.Base.BaseClass - did product and price displayed on page :true
15:18:30.189 [main] INFO  AT.Base.BaseClass - is subtotal and total price displaying :true
15:18:34.475 [main] INFO  AT.Base.BaseClass - clicked on checlout button
15:18:34.576 [main] INFO  AT.Base.BaseClass - is billing , order and payment is displaying on checkout page : true
15:18:36.106 [main] INFO  AT.Base.BaseClass - enterd first name :apesx
15:18:37.263 [main] INFO  AT.Base.BaseClass - enterd last name :joseh
15:18:38.445 [main] INFO  AT.Base.BaseClass - enterd email
15:18:39.627 [main] INFO  AT.Base.BaseClass - enterd phone number
15:18:40.721 [main] INFO  AT.Base.BaseClass - selected country
15:18:41.854 [main] INFO  AT.Base.BaseClass - enterd address
15:18:43.093 [main] INFO  AT.Base.BaseClass - enterd city
15:18:44.185 [main] INFO  AT.Base.BaseClass - enterd state
15:18:45.287 [main] INFO  AT.Base.BaseClass - enterd postal code
15:18:46.601 [main] DEBUG AT.Base.BaseClass - ************* chrome Browser closed successfully*************
15:21:20.780 [main] DEBUG AT.Base.BaseClass - chrome Browser has started Successfully
15:22:05.065 [main] DEBUG AT.Base.BaseClass - ************* chrome Browser has launched successfully *************
15:22:05.065 [main] INFO  AT.Base.BaseClass - Webpage has Opened and maximise
15:22:13.945 [main] INFO  AT.Base.BaseClass - clicked on shop menu
15:22:14.505 [main] INFO  AT.Base.BaseClass - clicked on HTML5 add to cart button
15:22:16.035 [main] INFO  AT.Base.BaseClass - is item menu link is displaying :true
15:22:23.672 [main] INFO  AT.Base.BaseClass - clicked on Item menu
15:22:23.785 [main] INFO  AT.Base.BaseClass - did product and price displayed on page :true
15:22:23.851 [main] INFO  AT.Base.BaseClass - is subtotal and total price displaying :true
15:22:31.266 [main] INFO  AT.Base.BaseClass - clicked on checlout button
15:22:31.359 [main] INFO  AT.Base.BaseClass - is billing , order and payment is displaying on checkout page : true
15:22:32.633 [main] INFO  AT.Base.BaseClass - enterd first name :apex
15:22:33.819 [main] INFO  AT.Base.BaseClass - enterd last name :joseph
15:22:35.070 [main] INFO  AT.Base.BaseClass - enterd email
15:22:36.277 [main] INFO  AT.Base.BaseClass - enterd phone number
15:22:37.657 [main] INFO  AT.Base.BaseClass - selected country
15:22:38.782 [main] INFO  AT.Base.BaseClass - enterd address
15:22:39.893 [main] INFO  AT.Base.BaseClass - enterd city
