16:47:31.917 [main] INFO  AT.Base.BaseClass - selected country
16:47:33.501 [main] INFO  AT.Base.BaseClass - enterd address
16:47:34.626 [main] INFO  AT.Base.BaseClass - enterd city
17:45:59.693 [TestNG-test=funcTest-2] DEBUG AT.Base.BaseClass - chrome Browser has started Successfully
17:46:55.696 [TestNG-test=funcTest-1] DEBUG AT.Base.BaseClass - chrome Browser has started Successfully
17:48:01.949 [TestNG-test=funcTest-1] DEBUG AT.Base.BaseClass - chrome Browser has started Successfully
17:48:13.973 [TestNG-test=funcTest-2] DEBUG AT.Base.BaseClass - ************* chrome Browser has launched successfully *************
17:48:13.975 [TestNG-test=funcTest-2] INFO  AT.Base.BaseClass - Webpage has Opened and maximise
17:48:21.266 [TestNG-test=funcTest-1] DEBUG AT.Base.BaseClass - ************* chrome Browser has launched successfully *************
17:48:21.266 [TestNG-test=funcTest-1] INFO  AT.Base.BaseClass - Webpage has Opened and maximise
17:48:28.729 [TestNG-test=funcTest-2] INFO  AT.Base.BaseClass - clicked on shop menu
17:48:29.270 [TestNG-test=funcTest-2] INFO  AT.Base.BaseClass - moved slider from right to left
17:48:30.362 [TestNG-test=funcTest-1] DEBUG AT.Base.BaseClass - ************* chrome Browser closed successfully*************
17:48:41.647 [TestNG-test=funcTest-1] DEBUG AT.Base.BaseClass - chrome Browser has started Successfully
17:49:00.701 [TestNG-test=funcTest-1] DEBUG AT.Base.BaseClass - ************* chrome Browser has launched successfully *************
17:49:00.701 [TestNG-test=funcTest-1] INFO  AT.Base.BaseClass - Webpage has Opened and maximise
17:49:05.460 [TestNG-test=funcTest-1] INFO  AT.Base.BaseClass - clicked on shop menu
17:49:11.556 [TestNG-test=funcTest-1] INFO  AT.Base.BaseClass - clicked on home menu
17:49:11.629 [TestNG-test=funcTest-1] INFO  AT.Base.BaseClass - home page has only three arrival
17:49:11.630 [TestNG-test=funcTest-1] INFO  AT.Base.BaseClass - home page has only three arrival
17:49:17.086 [TestNG-test=funcTest-1] INFO  AT.Base.BaseClass - clicked on ruby Image
17:49:17.092 [TestNG-test=funcTest-1] DEBUG AT.Base.BaseClass - Next page title is : Selenium Ruby – Automation Practice Site
17:49:17.635 [TestNG-test=funcTest-1] INFO  AT.Base.BaseClass - Entered the vale in text box 
17:49:18.935 [TestNG-test=funcTest-1] INFO  AT.Base.BaseClass - clicked on ruby add to basket button
17:49:19.158 [TestNG-test=funcTest-1] DEBUG AT.Base.BaseClass - ************* chrome Browser closed successfully*************
17:49:28.378 [TestNG-test=funcTest-1] DEBUG AT.Base.BaseClass - chrome Browser has started Successfully
17:49:37.404 [TestNG-test=funcTest-1] DEBUG AT.Base.BaseClass - ************* chrome Browser has launched successfully *************
17:49:37.404 [TestNG-test=funcTest-1] INFO  AT.Base.BaseClass - Webpage has Opened and maximise
17:49:42.777 [TestNG-test=funcTest-1] INFO  AT.Base.BaseClass - clicked on shop menu
17:52:28.538 [TestNG-tests-1] DEBUG AT.Base.BaseClass - chrome Browser has started Successfully
17:52:38.642 [TestNG-tests-1] DEBUG AT.Base.BaseClass - ************* chrome Browser has launched successfully *************
17:52:38.642 [TestNG-tests-1] INFO  AT.Base.BaseClass - Webpage has Opened and maximise
17:52:43.778 [TestNG-tests-1] INFO  AT.Base.BaseClass - clicked on shop menu
17:53:15.908 [TestNG-tests-1] DEBUG AT.Base.BaseClass - chrome Browser has started Successfully
17:47:27.373 [main] DEBUG AT.Base.BaseClass - chrome Browser has started Successfully
17:47:47.663 [main] INFO  AT.Base.BaseClass - click on My account link
17:47:48.077 [main] INFO  AT.Base.BaseClass - Enterd email address in email field
17:47:52.239 [main] INFO  AT.Base.BaseClass - Entered password in password field
17:47:57.428 [main] INFO  AT.Base.BaseClass - click on Register button
18:15:51.436 [main] DEBUG AT.Base.BaseClass - chrome Browser has started Successfully
18:16:09.800 [main] INFO  AT.Base.BaseClass - click on My account link
18:16:09.950 [main] INFO  AT.Base.BaseClass - Enterd email address in email field
18:16:14.108 [main] INFO  AT.Base.BaseClass - Entered password in password field
18:16:21.946 [main] INFO  AT.Base.BaseClass - click on Register button
18:16:32.318 [main] DEBUG AT.Base.BaseClass - chrome Browser has started Successfully
18:17:27.698 [main] INFO  AT.Base.BaseClass - click on My account link
18:17:27.823 [main] INFO  AT.Base.BaseClass - Enterd email address in email field
18:17:31.971 [main] INFO  AT.Base.BaseClass - Entered password in password field
18:17:34.076 [main] INFO  AT.Base.BaseClass - click on Register button
18:19:02.344 [main] DEBUG AT.Base.BaseClass - chrome Browser has started Successfully
18:19:21.092 [main] INFO  AT.Base.BaseClass - click on My account link
18:19:21.175 [main] INFO  AT.Base.BaseClass - Enterd email address in email field
18:19:25.255 [main] INFO  AT.Base.BaseClass - Entered password in password field
18:19:27.336 [main] INFO  AT.Base.BaseClass - click on Register button
10:39:41.718 [TestNG-test=Registration Test-1] DEBUG AT.Base.BaseClass - chrome Browser has started Successfully
10:40:12.206 [TestNG-test=Registration Test-2] INFO  AT.Base.BaseClass - click on My account link
10:40:13.347 [TestNG-test=Registration Test-2] INFO  AT.Base.BaseClass - Enterd email address in email field
10:43:03.584 [TestNG-test=Registration Test-1] DEBUG AT.Base.BaseClass - ie Browser has started Successfully
10:52:49.037 [main] DEBUG AT.Base.BaseClass - ie Browser has started Successfully
10:52:59.071 [main] INFO  AT.Base.BaseClass - click on My account link
10:53:49.386 [main] DEBUG AT.Base.BaseClass - chrome Browser has started Successfully
10:54:09.733 [main] INFO  AT.Base.BaseClass - click on My account link
10:54:09.887 [main] INFO  AT.Base.BaseClass - Enterd email address in email field
10:54:14.026 [main] INFO  AT.Base.BaseClass - Entered password in password field
10:54:16.687 [main] INFO  AT.Base.BaseClass - click on Register button
10:54:25.743 [main] DEBUG AT.Base.BaseClass - chrome Browser has started Successfully
10:54:43.347 [main] INFO  AT.Base.BaseClass - click on My account link
10:54:43.480 [main] INFO  AT.Base.BaseClass - Enterd email address in email field
10:54:47.753 [main] INFO  AT.Base.BaseClass - Entered password in password field
10:54:53.291 [main] INFO  AT.Base.BaseClass - click on Register button
10:54:59.486 [main] DEBUG AT.Base.BaseClass - chrome Browser has started Successfully
10:55:12.781 [main] INFO  AT.Base.BaseClass - click on My account link
10:55:12.856 [main] INFO  AT.Base.BaseClass - Enterd email address in email field
10:55:17.109 [main] INFO  AT.Base.BaseClass - Entered password in password field
10:55:22.760 [main] INFO  AT.Base.BaseClass - click on Register button
11:01:53.358 [TestNG-test=Registration Test-3] DEBUG AT.Base.BaseClass - chrome Browser has started Successfully
11:02:16.533 [TestNG-test=Registration Test-3] INFO  AT.Base.BaseClass - click on My account link
11:02:16.858 [TestNG-test=Registration Test-3] INFO  AT.Base.BaseClass - Enterd email address in email field
11:02:16.862 [TestNG-test=Registration Test-1] INFO  AT.Base.BaseClass - click on My account link
11:02:17.723 [TestNG-test=Registration Test-1] INFO  AT.Base.BaseClass - Enterd email address in email field
14:21:31.415 [main] DEBUG AT.Base.BaseClass - chrome Browser has started Successfully
14:22:00.834 [main] INFO  AT.Base.BaseClass - click on My account link
14:22:01.266 [main] INFO  AT.Base.BaseClass - Enterd email address in email field
14:22:05.465 [main] INFO  AT.Base.BaseClass - Entered password in password field
14:22:12.615 [main] INFO  AT.Base.BaseClass - click on Register button
14:22:22.481 [main] DEBUG AT.Base.BaseClass - chrome Browser has started Successfully
14:22:39.252 [main] INFO  AT.Base.BaseClass - click on My account link
14:22:39.370 [main] INFO  AT.Base.BaseClass - Enterd email address in email field
14:22:43.546 [main] INFO  AT.Base.BaseClass - Entered password in password field
14:22:45.655 [main] INFO  AT.Base.BaseClass - click on Register button
14:24:13.272 [main] DEBUG AT.Base.BaseClass - chrome Browser has started Successfully
14:25:03.641 [main] INFO  AT.Base.BaseClass - click on My account link
14:25:03.747 [main] INFO  AT.Base.BaseClass - Enterd email address in email field
14:25:07.992 [main] INFO  AT.Base.BaseClass - Entered password in password field
14:25:10.087 [main] INFO  AT.Base.BaseClass - click on Register button
14:38:39.018 [main] DEBUG AT.Base.BaseClass - chrome Browser has started Successfully
14:39:44.331 [main] INFO  AT.Base.BaseClass - click on My account link
14:39:44.487 [main] INFO  AT.Base.BaseClass - Enterd email address in email field
14:39:48.676 [main] INFO  AT.Base.BaseClass - Entered password in password field
14:39:50.769 [main] INFO  AT.Base.BaseClass - click on Register button
14:41:00.570 [main] DEBUG AT.Base.BaseClass - chrome Browser has started Successfully
14:41:19.591 [main] INFO  AT.Base.BaseClass - click on My account link
14:41:19.673 [main] INFO  AT.Base.BaseClass - Enterd email address in email field
14:41:23.823 [main] INFO  AT.Base.BaseClass - Entered password in password field
14:41:25.903 [main] INFO  AT.Base.BaseClass - click on Register button
14:46:47.588 [main] DEBUG AT.Base.BaseClass - chrome Browser has started Successfully
14:48:05.054 [main] INFO  AT.Base.BaseClass - click on My account link
14:48:05.169 [main] INFO  AT.Base.BaseClass - Enterd email address in email field
14:48:09.333 [main] INFO  AT.Base.BaseClass - Entered password in password field
14:48:11.409 [main] INFO  AT.Base.BaseClass - click on Register button
14:52:04.425 [main] DEBUG AT.Base.BaseClass - chrome Browser has started Successfully
14:52:44.620 [main] INFO  AT.Base.BaseClass - click on My account link
14:52:44.733 [main] INFO  AT.Base.BaseClass - Enterd email address in email field
14:52:49.916 [main] INFO  AT.Base.BaseClass - Entered password in password field
